<?xml version="1.0" encoding="UTF-8"?>
<testsuite name="br.ufpe.cin.if688.minijava.TypeCheckerTest" tests="10" skipped="0" failures="0" errors="0" timestamp="2021-08-28T01:40:34" hostname="guilherme-Aspire-ES1-572" time="0.175">
  <properties/>
  <testcase name="testInput1" classname="br.ufpe.cin.if688.minijava.TypeCheckerTest" time="0.114"/>
  <testcase name="testInput2" classname="br.ufpe.cin.if688.minijava.TypeCheckerTest" time="0.011"/>
  <testcase name="testInput3" classname="br.ufpe.cin.if688.minijava.TypeCheckerTest" time="0.004"/>
  <testcase name="testInput4" classname="br.ufpe.cin.if688.minijava.TypeCheckerTest" time="0.029"/>
  <testcase name="testInput5" classname="br.ufpe.cin.if688.minijava.TypeCheckerTest" time="0.003"/>
  <testcase name="testInput6" classname="br.ufpe.cin.if688.minijava.TypeCheckerTest" time="0.003"/>
  <testcase name="testInput7" classname="br.ufpe.cin.if688.minijava.TypeCheckerTest" time="0.004"/>
  <testcase name="testInput8" classname="br.ufpe.cin.if688.minijava.TypeCheckerTest" time="0.003"/>
  <testcase name="testInput9" classname="br.ufpe.cin.if688.minijava.TypeCheckerTest" time="0.001"/>
  <testcase name="testInput10" classname="br.ufpe.cin.if688.minijava.TypeCheckerTest" time="0.002"/>
  <system-out><![CDATA[]]></system-out>
  <system-err><![CDATA[]]></system-err>
</testsuite>
